[2016-10-01 14:30:26] assetic.ERROR: The template "SecurityBundle:Collector:security.html.twig" contains an error: Unknown "profiler_dump" function in "SecurityBundle:Collector:security.html.twig" at line 180. [] []
[2016-10-01 14:38:26] assetic.ERROR: The template "SecurityBundle:Collector:security.html.twig" contains an error: Unknown "profiler_dump" function in "SecurityBundle:Collector:security.html.twig" at line 180. [] []
[2016-10-01 14:41:06] assetic.ERROR: The template "SecurityBundle:Collector:security.html.twig" contains an error: Unknown "profiler_dump" function in "SecurityBundle:Collector:security.html.twig" at line 180. [] []
[2016-10-01 14:59:41] assetic.ERROR: The template "SecurityBundle:Collector:security.html.twig" contains an error: Unknown "profiler_dump" function in "SecurityBundle:Collector:security.html.twig" at line 180. [] []
[2016-10-01 15:00:35] assetic.ERROR: The template "SecurityBundle:Collector:security.html.twig" contains an error: Unknown "profiler_dump" function in "SecurityBundle:Collector:security.html.twig" at line 180. [] []
[2016-10-01 15:02:03] assetic.ERROR: The template "SecurityBundle:Collector:security.html.twig" contains an error: Unknown "profiler_dump" function in "SecurityBundle:Collector:security.html.twig" at line 180. [] []
[2016-10-01 15:03:34] assetic.ERROR: The template "SecurityBundle:Collector:security.html.twig" contains an error: Unknown "profiler_dump" function in "SecurityBundle:Collector:security.html.twig" at line 180. [] []
[2016-10-01 15:10:11] assetic.ERROR: The template "SecurityBundle:Collector:security.html.twig" contains an error: Unknown "profiler_dump" function in "SecurityBundle:Collector:security.html.twig" at line 180. [] []
[2016-10-01 15:21:18] assetic.ERROR: The template "SecurityBundle:Collector:security.html.twig" contains an error: Unknown "profiler_dump" function in "SecurityBundle:Collector:security.html.twig" at line 180. [] []
[2016-10-01 17:21:26] request.INFO: Matched route "{route}". {"route":"atelier_core_index","route_parameters":{"_controller":"Atelier\\CoreBundle\\Controller\\CoreController::indexAction","_route":"atelier_core_index"},"request_uri":"http://localhost:8888/ateliers/web/","method":"GET"} []
[2016-10-01 17:21:26] security.INFO: Populated the TokenStorage with an anonymous Token. [] []
[2016-10-01 17:21:26] event.DEBUG: Notified event "{event}" to listener "{listener}". {"event":"kernel.request","listener":"Symfony\\Component\\HttpKernel\\EventListener\\DebugHandlersListener::configure"} []
[2016-10-01 17:21:26] event.DEBUG: Notified event "{event}" to listener "{listener}". {"event":"kernel.request","listener":"Symfony\\Component\\HttpKernel\\EventListener\\ValidateRequestListener::onKernelRequest"} []
[2016-10-01 17:21:26] event.DEBUG: Notified event "{event}" to listener "{listener}". {"event":"kernel.request","listener":"Symfony\\Bundle\\FrameworkBundle\\EventListener\\SessionListener::onKernelRequest"} []
[2016-10-01 17:21:26] event.DEBUG: Notified event "{event}" to listener "{listener}". {"event":"kernel.request","listener":"Symfony\\Component\\HttpKernel\\EventListener\\FragmentListener::onKernelRequest"} []
[2016-10-01 17:21:26] event.DEBUG: Notified event "{event}" to listener "{listener}". {"event":"kernel.request","listener":"Symfony\\Component\\HttpKernel\\EventListener\\RouterListener::onKernelRequest"} []
[2016-10-01 17:21:26] event.DEBUG: Notified event "{event}" to listener "{listener}". {"event":"kernel.request","listener":"Symfony\\Component\\HttpKernel\\EventListener\\LocaleListener::onKernelRequest"} []
[2016-10-01 17:21:26] event.DEBUG: Notified event "{event}" to listener "{listener}". {"event":"kernel.request","listener":"Symfony\\Component\\HttpKernel\\EventListener\\TranslatorListener::onKernelRequest"} []
[2016-10-01 17:21:26] event.DEBUG: Notified event "{event}" to listener "{listener}". {"event":"kernel.request","listener":"Symfony\\Component\\Security\\Http\\Firewall::onKernelRequest"} []
[2016-10-01 17:21:26] event.DEBUG: Notified event "{event}" to listener "{listener}". {"event":"kernel.request","listener":"Symfony\\Bundle\\AsseticBundle\\EventListener\\RequestListener::onKernelRequest"} []
[2016-10-01 17:21:26] event.DEBUG: Notified event "{event}" to listener "{listener}". {"event":"kernel.controller","listener":"Sensio\\Bundle\\FrameworkExtraBundle\\EventListener\\ControllerListener::onKernelController"} []
[2016-10-01 17:21:26] event.DEBUG: Notified event "{event}" to listener "{listener}". {"event":"kernel.controller","listener":"Sensio\\Bundle\\FrameworkExtraBundle\\EventListener\\ParamConverterListener::onKernelController"} []
[2016-10-01 17:21:26] event.DEBUG: Notified event "{event}" to listener "{listener}". {"event":"kernel.controller","listener":"Sensio\\Bundle\\FrameworkExtraBundle\\EventListener\\HttpCacheListener::onKernelController"} []
[2016-10-01 17:21:26] event.DEBUG: Notified event "{event}" to listener "{listener}". {"event":"kernel.controller","listener":"Sensio\\Bundle\\FrameworkExtraBundle\\EventListener\\SecurityListener::onKernelController"} []
[2016-10-01 17:21:26] event.DEBUG: Notified event "{event}" to listener "{listener}". {"event":"kernel.controller","listener":"Sensio\\Bundle\\FrameworkExtraBundle\\EventListener\\TemplateListener::onKernelController"} []
[2016-10-01 17:21:26] request.CRITICAL: Uncaught PHP Exception InvalidArgumentException: "Malformed namespaced template name "@AtelierCoreBundle::layout.html.twig" (expecting "@namespace/template_name") in "AtelierCoreBundle:Core:index.html.twig" at line 1." at /Users/Raphael/Sites/ateliers/vendor/symfony/symfony/src/Symfony/Bridge/Twig/TwigEngine.php line 128 {"exception":"[object] (InvalidArgumentException(code: 0): Malformed namespaced template name \"@AtelierCoreBundle::layout.html.twig\" (expecting \"@namespace/template_name\") in \"AtelierCoreBundle:Core:index.html.twig\" at line 1. at /Users/Raphael/Sites/ateliers/vendor/symfony/symfony/src/Symfony/Bridge/Twig/TwigEngine.php:128, Twig_Error_Loader(code: 0): Malformed namespaced template name \"@AtelierCoreBundle::layout.html.twig\" (expecting \"@namespace/template_name\") in \"AtelierCoreBundle:Core:index.html.twig\" at line 1. at /Users/Raphael/Sites/ateliers/vendor/twig/twig/lib/Twig/Loader/Filesystem.php:218)"} []
[2016-10-01 17:21:26] event.DEBUG: Notified event "{event}" to listener "{listener}". {"event":"kernel.request","listener":"Symfony\\Component\\HttpKernel\\EventListener\\DebugHandlersListener::configure"} []
[2016-10-01 17:21:26] event.DEBUG: Notified event "{event}" to listener "{listener}". {"event":"kernel.request","listener":"Symfony\\Component\\HttpKernel\\EventListener\\ValidateRequestListener::onKernelRequest"} []
[2016-10-01 17:21:26] event.DEBUG: Notified event "{event}" to listener "{listener}". {"event":"kernel.request","listener":"Symfony\\Bundle\\FrameworkBundle\\EventListener\\SessionListener::onKernelRequest"} []
[2016-10-01 17:21:26] event.DEBUG: Notified event "{event}" to listener "{listener}". {"event":"kernel.request","listener":"Symfony\\Component\\HttpKernel\\EventListener\\FragmentListener::onKernelRequest"} []
[2016-10-01 17:21:26] event.DEBUG: Notified event "{event}" to listener "{listener}". {"event":"kernel.request","listener":"Symfony\\Component\\HttpKernel\\EventListener\\RouterListener::onKernelRequest"} []
[2016-10-01 17:21:26] event.DEBUG: Notified event "{event}" to listener "{listener}". {"event":"kernel.request","listener":"Symfony\\Component\\HttpKernel\\EventListener\\LocaleListener::onKernelRequest"} []
[2016-10-01 17:21:26] event.DEBUG: Notified event "{event}" to listener "{listener}". {"event":"kernel.request","listener":"Symfony\\Component\\HttpKernel\\EventListener\\TranslatorListener::onKernelRequest"} []
[2016-10-01 17:21:26] event.DEBUG: Notified event "{event}" to listener "{listener}". {"event":"kernel.request","listener":"Symfony\\Component\\Security\\Http\\Firewall::onKernelRequest"} []
[2016-10-01 17:21:26] event.DEBUG: Notified event "{event}" to listener "{listener}". {"event":"kernel.request","listener":"Symfony\\Bundle\\AsseticBundle\\EventListener\\RequestListener::onKernelRequest"} []
[2016-10-01 17:21:26] event.DEBUG: Notified event "{event}" to listener "{listener}". {"event":"kernel.controller","listener":"Sensio\\Bundle\\FrameworkExtraBundle\\EventListener\\ControllerListener::onKernelController"} []
[2016-10-01 17:21:26] event.DEBUG: Notified event "{event}" to listener "{listener}". {"event":"kernel.controller","listener":"Sensio\\Bundle\\FrameworkExtraBundle\\EventListener\\ParamConverterListener::onKernelController"} []
[2016-10-01 17:21:26] event.DEBUG: Notified event "{event}" to listener "{listener}". {"event":"kernel.controller","listener":"Sensio\\Bundle\\FrameworkExtraBundle\\EventListener\\HttpCacheListener::onKernelController"} []
[2016-10-01 17:21:26] event.DEBUG: Notified event "{event}" to listener "{listener}". {"event":"kernel.controller","listener":"Sensio\\Bundle\\FrameworkExtraBundle\\EventListener\\SecurityListener::onKernelController"} []
[2016-10-01 17:21:26] event.DEBUG: Notified event "{event}" to listener "{listener}". {"event":"kernel.controller","listener":"Sensio\\Bundle\\FrameworkExtraBundle\\EventListener\\TemplateListener::onKernelController"} []
[2016-10-01 17:21:26] event.DEBUG: Notified event "{event}" to listener "{listener}". {"event":"kernel.response","listener":"Symfony\\Component\\Security\\Http\\Firewall\\ContextListener::onKernelResponse"} []
[2016-10-01 17:21:26] event.DEBUG: Notified event "{event}" to listener "{listener}". {"event":"kernel.response","listener":"Symfony\\Component\\HttpKernel\\EventListener\\ResponseListener::onKernelResponse"} []
[2016-10-01 17:21:26] event.DEBUG: Notified event "{event}" to listener "{listener}". {"event":"kernel.response","listener":"Symfony\\Component\\Security\\Http\\RememberMe\\ResponseListener::onKernelResponse"} []
[2016-10-01 17:21:26] event.DEBUG: Notified event "{event}" to listener "{listener}". {"event":"kernel.response","listener":"Sensio\\Bundle\\FrameworkExtraBundle\\EventListener\\HttpCacheListener::onKernelResponse"} []
[2016-10-01 17:21:26] event.DEBUG: Notified event "{event}" to listener "{listener}". {"event":"kernel.response","listener":"Symfony\\Component\\HttpKernel\\EventListener\\SaveSessionListener::onKernelResponse"} []
[2016-10-01 17:21:26] event.DEBUG: Notified event "{event}" to listener "{listener}". {"event":"kernel.response","listener":"Symfony\\Component\\HttpKernel\\EventListener\\StreamedResponseListener::onKernelResponse"} []
[2016-10-01 17:21:26] event.DEBUG: Notified event "{event}" to listener "{listener}". {"event":"kernel.finish_request","listener":"Symfony\\Component\\HttpKernel\\EventListener\\LocaleListener::onKernelFinishRequest"} []
[2016-10-01 17:21:26] event.DEBUG: Notified event "{event}" to listener "{listener}". {"event":"kernel.finish_request","listener":"Symfony\\Component\\HttpKernel\\EventListener\\TranslatorListener::onKernelFinishRequest"} []
[2016-10-01 17:21:26] event.DEBUG: Notified event "{event}" to listener "{listener}". {"event":"kernel.finish_request","listener":"Symfony\\Component\\HttpKernel\\EventListener\\RouterListener::onKernelFinishRequest"} []
[2016-10-01 17:21:26] event.DEBUG: Notified event "{event}" to listener "{listener}". {"event":"kernel.finish_request","listener":"Symfony\\Component\\Security\\Http\\Firewall::onKernelFinishRequest"} []
[2016-10-01 17:21:26] event.DEBUG: Notified event "{event}" to listener "{listener}". {"event":"kernel.exception","listener":"Symfony\\Component\\Security\\Http\\Firewall\\ExceptionListener::onKernelException"} []
[2016-10-01 17:21:26] event.DEBUG: Notified event "{event}" to listener "{listener}". {"event":"kernel.exception","listener":"Symfony\\Component\\HttpKernel\\EventListener\\ExceptionListener::onKernelException"} []
[2016-10-01 17:21:26] event.DEBUG: Listener "{listener}" stopped propagation of the event "{event}". {"listener":"Symfony\\Component\\HttpKernel\\EventListener\\ExceptionListener::onKernelException","event":"kernel.exception"} []
[2016-10-01 17:21:26] event.DEBUG: Notified event "{event}" to listener "{listener}". {"event":"kernel.response","listener":"Symfony\\Component\\HttpKernel\\EventListener\\ResponseListener::onKernelResponse"} []
[2016-10-01 17:21:26] event.DEBUG: Notified event "{event}" to listener "{listener}". {"event":"kernel.response","listener":"Symfony\\Component\\Security\\Http\\RememberMe\\ResponseListener::onKernelResponse"} []
[2016-10-01 17:21:26] event.DEBUG: Notified event "{event}" to listener "{listener}". {"event":"kernel.response","listener":"Sensio\\Bundle\\FrameworkExtraBundle\\EventListener\\HttpCacheListener::onKernelResponse"} []
[2016-10-01 17:21:26] event.DEBUG: Notified event "{event}" to listener "{listener}". {"event":"kernel.response","listener":"Symfony\\Component\\HttpKernel\\EventListener\\SaveSessionListener::onKernelResponse"} []
[2016-10-01 17:21:26] event.DEBUG: Notified event "{event}" to listener "{listener}". {"event":"kernel.response","listener":"Symfony\\Component\\HttpKernel\\EventListener\\StreamedResponseListener::onKernelResponse"} []
[2016-10-01 17:21:26] event.DEBUG: Notified event "{event}" to listener "{listener}". {"event":"kernel.finish_request","listener":"Symfony\\Component\\HttpKernel\\EventListener\\LocaleListener::onKernelFinishRequest"} []
[2016-10-01 17:21:26] event.DEBUG: Notified event "{event}" to listener "{listener}". {"event":"kernel.finish_request","listener":"Symfony\\Component\\HttpKernel\\EventListener\\TranslatorListener::onKernelFinishRequest"} []
[2016-10-01 17:21:26] event.DEBUG: Notified event "{event}" to listener "{listener}". {"event":"kernel.finish_request","listener":"Symfony\\Component\\HttpKernel\\EventListener\\RouterListener::onKernelFinishRequest"} []
[2016-10-01 17:21:26] event.DEBUG: Notified event "{event}" to listener "{listener}". {"event":"kernel.finish_request","listener":"Symfony\\Component\\Security\\Http\\Firewall::onKernelFinishRequest"} []
[2016-10-01 17:21:26] event.DEBUG: Notified event "{event}" to listener "{listener}". {"event":"kernel.terminate","listener":"Symfony\\Bundle\\SwiftmailerBundle\\EventListener\\EmailSenderListener::onTerminate"} []
[2016-10-01 15:24:03] assetic.ERROR: The template "SecurityBundle:Collector:security.html.twig" contains an error: Unknown "profiler_dump" function in "SecurityBundle:Collector:security.html.twig" at line 180. [] []
